<?xml version="1.0" encoding="UTF-8"?>
<testsuite xmlns:xsi="http://www.w3.org/2001/XMLSchema-instance" xsi:noNamespaceSchemaLocation="https://maven.apache.org/surefire/maven-surefire-plugin/xsd/surefire-test-report.xsd" name="ru.neptun.org.RadioTest" time="0.11" tests="19" errors="0" skipped="0" failures="0">
  <properties>
    <property name="sun.desktop" value="windows"/>
    <property name="awt.toolkit" value="sun.awt.windows.WToolkit"/>
    <property name="java.specification.version" value="11"/>
    <property name="sun.cpu.isalist" value="amd64"/>
    <property name="sun.jnu.encoding" value="Cp1251"/>
    <property name="java.class.path" value="C:\Users\barlo\Desktop\DZ\Java\Java-9\Radio\target\test-classes;C:\Users\barlo\Desktop\DZ\Java\Java-9\Radio\target\classes;C:\Users\barlo\.m2\repository\org\junit\jupiter\junit-jupiter\5.7.0\junit-jupiter-5.7.0.jar;C:\Users\barlo\.m2\repository\org\junit\jupiter\junit-jupiter-api\5.7.0\junit-jupiter-api-5.7.0.jar;C:\Users\barlo\.m2\repository\org\apiguardian\apiguardian-api\1.1.0\apiguardian-api-1.1.0.jar;C:\Users\barlo\.m2\repository\org\opentest4j\opentest4j\1.2.0\opentest4j-1.2.0.jar;C:\Users\barlo\.m2\repository\org\junit\platform\junit-platform-commons\1.7.0\junit-platform-commons-1.7.0.jar;C:\Users\barlo\.m2\repository\org\junit\jupiter\junit-jupiter-params\5.7.0\junit-jupiter-params-5.7.0.jar;C:\Users\barlo\.m2\repository\org\junit\jupiter\junit-jupiter-engine\5.7.0\junit-jupiter-engine-5.7.0.jar;C:\Users\barlo\.m2\repository\org\junit\platform\junit-platform-engine\1.7.0\junit-platform-engine-1.7.0.jar;"/>
    <property name="java.vm.vendor" value="Amazon.com Inc."/>
    <property name="sun.arch.data.model" value="64"/>
    <property name="user.variant" value=""/>
    <property name="java.vendor.url" value="https://aws.amazon.com/corretto/"/>
    <property name="user.timezone" value="Europe/Moscow"/>
    <property name="java.vm.specification.version" value="11"/>
    <property name="os.name" value="Windows 10"/>
    <property name="sun.java.launcher" value="SUN_STANDARD"/>
    <property name="user.country" value="RU"/>
    <property name="sun.boot.library.path" value="C:\Users\barlo\.jdks\corretto-11.0.16.1\bin"/>
    <property name="sun.java.command" value="C:\Users\barlo\AppData\Local\Temp\surefire4080156557464239441\surefirebooter6082012342525323690.jar C:\Users\barlo\AppData\Local\Temp\surefire4080156557464239441 2022-12-10T19-25-58_722-jvmRun1 surefire17503629753320974154tmp surefire_015561043357841634672tmp"/>
    <property name="jdk.debug" value="release"/>
    <property name="surefire.test.class.path" value="C:\Users\barlo\Desktop\DZ\Java\Java-9\Radio\target\test-classes;C:\Users\barlo\Desktop\DZ\Java\Java-9\Radio\target\classes;C:\Users\barlo\.m2\repository\org\junit\jupiter\junit-jupiter\5.7.0\junit-jupiter-5.7.0.jar;C:\Users\barlo\.m2\repository\org\junit\jupiter\junit-jupiter-api\5.7.0\junit-jupiter-api-5.7.0.jar;C:\Users\barlo\.m2\repository\org\apiguardian\apiguardian-api\1.1.0\apiguardian-api-1.1.0.jar;C:\Users\barlo\.m2\repository\org\opentest4j\opentest4j\1.2.0\opentest4j-1.2.0.jar;C:\Users\barlo\.m2\repository\org\junit\platform\junit-platform-commons\1.7.0\junit-platform-commons-1.7.0.jar;C:\Users\barlo\.m2\repository\org\junit\jupiter\junit-jupiter-params\5.7.0\junit-jupiter-params-5.7.0.jar;C:\Users\barlo\.m2\repository\org\junit\jupiter\junit-jupiter-engine\5.7.0\junit-jupiter-engine-5.7.0.jar;C:\Users\barlo\.m2\repository\org\junit\platform\junit-platform-engine\1.7.0\junit-platform-engine-1.7.0.jar;"/>
    <property name="sun.cpu.endian" value="little"/>
    <property name="user.home" value="C:\Users\barlo"/>
    <property name="user.language" value="ru"/>
    <property name="java.specification.vendor" value="Oracle Corporation"/>
    <property name="java.version.date" value="2022-08-12"/>
    <property name="java.home" value="C:\Users\barlo\.jdks\corretto-11.0.16.1"/>
    <property name="file.separator" value="\"/>
    <property name="basedir" value="C:\Users\barlo\Desktop\DZ\Java\Java-9\Radio"/>
    <property name="java.vm.compressedOopsMode" value="32-bit"/>
    <property name="line.separator" value="&#10;"/>
    <property name="java.specification.name" value="Java Platform API Specification"/>
    <property name="java.vm.specification.vendor" value="Oracle Corporation"/>
    <property name="java.awt.graphicsenv" value="sun.awt.Win32GraphicsEnvironment"/>
    <property name="surefire.real.class.path" value="C:\Users\barlo\AppData\Local\Temp\surefire4080156557464239441\surefirebooter6082012342525323690.jar"/>
    <property name="user.script" value=""/>
    <property name="sun.management.compiler" value="HotSpot 64-Bit Tiered Compilers"/>
    <property name="java.runtime.version" value="11.0.16.1+9-LTS"/>
    <property name="user.name" value="barlo"/>
    <property name="path.separator" value=";"/>
    <property name="os.version" value="10.0"/>
    <property name="java.runtime.name" value="OpenJDK Runtime Environment"/>
    <property name="file.encoding" value="Cp1251"/>
    <property name="java.vm.name" value="OpenJDK 64-Bit Server VM"/>
    <property name="java.vendor.version" value="Corretto-11.0.16.9.1"/>
    <property name="localRepository" value="C:\Users\barlo\.m2\repository"/>
    <property name="java.vendor.url.bug" value="https://github.com/corretto/corretto-11/issues/"/>
    <property name="java.io.tmpdir" value="C:\Users\barlo\AppData\Local\Temp\"/>
    <property name="idea.version" value="2022.2.1"/>
    <property name="java.version" value="11.0.16.1"/>
    <property name="user.dir" value="C:\Users\barlo\Desktop\DZ\Java\Java-9\Radio"/>
    <property name="os.arch" value="amd64"/>
    <property name="java.vm.specification.name" value="Java Virtual Machine Specification"/>
    <property name="java.awt.printerjob" value="sun.awt.windows.WPrinterJob"/>
    <property name="sun.os.patch.level" value=""/>
    <property name="java.library.path" value="C:\Users\barlo\.jdks\corretto-11.0.16.1\bin;C:\Windows\Sun\Java\bin;C:\Windows\system32;C:\Windows;C:\ProgramData\Oracle\Java\javapath;C:\Program Files (x86)\Common Files\Intel\Shared Libraries\redist\intel64\compiler;C:\Windows\system32;C:\Windows;C:\Windows\System32\Wbem;C:\Windows\System32\WindowsPowerShell\v1.0\;C:\Windows\System32\OpenSSH\;C:\Program Files (x86)\QuickTime\QTSystem\;C:\Program Files\WireGuard\;C:\Program Files\NVIDIA Corporation\NVIDIA NvDLISR;C:\Program Files (x86)\NVIDIA Corporation\PhysX\Common;C:\Program Files\Git\cmd;C:\Users\barlo\AppData\Local\Microsoft\WindowsApps;C:\Users\barlo\AppData\Local\Programs\Microsoft VS Code\bin;."/>
    <property name="java.vm.info" value="mixed mode"/>
    <property name="java.vendor" value="Amazon.com Inc."/>
    <property name="java.vm.version" value="11.0.16.1+9-LTS"/>
    <property name="sun.io.unicode.encoding" value="UnicodeLittle"/>
    <property name="java.class.version" value="55.0"/>
  </properties>
  <testcase name="increaseWaveUpBelow10" classname="ru.neptun.org.RadioTest" time="0.047"/>
  <testcase name="shouldRadioWave" classname="ru.neptun.org.RadioTest" time="0"/>
  <testcase name="shouldNotSetVolumeAboveMax" classname="ru.neptun.org.RadioTest" time="0"/>
  <testcase name="shouldNotSetVolumeBelowMax" classname="ru.neptun.org.RadioTest" time="0.001"/>
  <testcase name="decreaseVolumeDown" classname="ru.neptun.org.RadioTest" time="0.002"/>
  <testcase name="notIncreaseBelowTen" classname="ru.neptun.org.RadioTest" time="0"/>
  <testcase name="setMaxWave" classname="ru.neptun.org.RadioTest" time="0.005"/>
  <testcase name="setMinWave" classname="ru.neptun.org.RadioTest" time="0.002"/>
  <testcase name="increaseVolumeUp" classname="ru.neptun.org.RadioTest" time="0.001"/>
  <testcase name="decreaseWaveDown" classname="ru.neptun.org.RadioTest" time="0.001"/>
  <testcase name="shouldRadioVolume" classname="ru.neptun.org.RadioTest" time="0.001"/>
  <testcase name="shouldNotSetVolumeLessMin" classname="ru.neptun.org.RadioTest" time="0.001"/>
  <testcase name="decreaseVolumeBelowMin" classname="ru.neptun.org.RadioTest" time="0"/>
  <testcase name="increaseWaveUp" classname="ru.neptun.org.RadioTest" time="0.001"/>
  <testcase name="notSetBelowMax" classname="ru.neptun.org.RadioTest" time="0.002"/>
  <testcase name="setMaxVolume" classname="ru.neptun.org.RadioTest" time="0.001"/>
  <testcase name="decreaseWaveBelowDown" classname="ru.neptun.org.RadioTest" time="0"/>
  <testcase name="setMinVolume" classname="ru.neptun.org.RadioTest" time="0"/>
  <testcase name="notSetLessMin" classname="ru.neptun.org.RadioTest" time="0.002"/>
</testsuite>